<?xml version="1.0" encoding="UTF-8"?>
<testsuite xmlns:xsi="http://www.w3.org/2001/XMLSchema-instance" xsi:noNamespaceSchemaLocation="https://maven.apache.org/surefire/maven-surefire-plugin/xsd/surefire-test-report-3.0.xsd" version="3.0" name="com.example.TestTaskT1.service.MainServiceImplTest" time="6.267" tests="1" errors="0" skipped="0" failures="0">
  <properties>
[...]
</properties>
  <testcase name="shouldSolveTheTask" classname="com.example.TestTaskT1.service.MainServiceImplTest" time="2.591">
    <system-out><![CDATA[08:48:48.503 [main] INFO org.springframework.test.context.support.AnnotationConfigContextLoaderUtils -- Could not detect default configuration classes for test class [com.example.TestTaskT1.service.MainServiceImplTest]: MainServiceImplTest does not declare any static, non-private, non-final, nested classes annotated with @Configuration.
08:48:48.817 [main] INFO org.springframework.boot.test.context.SpringBootTestContextBootstrapper -- Found @SpringBootConfiguration com.example.TestTaskT1.TestTaskT1Application for test class com.example.TestTaskT1.service.MainServiceImplTest

  .   ____          _            __ _ _
 /\\ / ___'_ __ _ _(_)_ __  __ _ \ \ \ \
( ( )\___ | '_ | '_| | '_ \/ _` | \ \ \ \
 \\/  ___)| |_)| | | | | || (_| |  ) ) ) )
  '  |____| .__|_| |_|_| |_\__, | / / / /
 =========|_|==============|___/=/_/_/_/
 :: Spring Boot ::                (v3.1.3)

2023-09-14T08:48:49.702+03:00  INFO 6452 --- [           main] c.e.T.service.MainServiceImplTest        : Starting MainServiceImplTest using Java 17.0.7 with PID 6452 (started by User in E:\eclipse-workspace\TestTaskT1)
2023-09-14T08:48:49.727+03:00  INFO 6452 --- [           main] c.e.T.service.MainServiceImplTest        : No active profile set, falling back to 1 default profile: "default"
2023-09-14T08:48:51.750+03:00  INFO 6452 --- [           main] c.e.T.service.MainServiceImplTest        : Started MainServiceImplTest in 2.766 seconds (process running for 4.853)
2023-09-14T08:48:54.328+03:00  INFO 6452 --- [           main] c.e.TestTaskT1.service.MainServiceImpl   : We got a map with unique chars {a=5, b=1, c=4}
2023-09-14T08:48:54.332+03:00  INFO 6452 --- [           main] c.e.TestTaskT1.service.MainServiceImpl   : We sorted list of map [a=5, c=4, b=1]
]]></system-out>
  </testcase>
</testsuite>